<?xml version="1.0" encoding="UTF-8"?>
<robot generator="Robot 7.2.2 (Python 3.13.1 on win32)" generated="2025-02-14T09:42:40.517994" rpa="false" schemaversion="5">
<suite id="s1" name="Rbt" source="C:\Users\randaluri\Python_OOPS\unittesting\rbt.robot">
<test id="s1-t1" name="Configure OSPF and Validate" line="18">
<kw name="Open Connection" owner="SSHLibrary">
<arg>${ROUTER_IP}</arg>
<doc>Opens a new SSH connection to the given ``host`` and ``port``.</doc>
<status status="PASS" start="2025-02-14T09:42:41.229642" elapsed="0.000507"/>
</kw>
<kw name="Login" owner="SSHLibrary">
<msg time="2025-02-14T09:42:41.230641" level="INFO">Logging into '192.168.1.1:22' as 'admin'.</msg>
<msg time="2025-02-14T09:42:44.243667" level="FAIL">TimeoutError: timed out</msg>
<arg>${USERNAME}</arg>
<arg>${PASSWORD}</arg>
<doc>Logs into the SSH server with the given ``username`` and ``password``.</doc>
<status status="FAIL" start="2025-02-14T09:42:41.230471" elapsed="3.025926">TimeoutError: timed out</status>
</kw>
<kw name="Enter Configuration Mode">
<status status="NOT RUN" start="2025-02-14T09:42:44.257136" elapsed="0.000045"/>
</kw>
<kw name="Configure OSPF">
<status status="NOT RUN" start="2025-02-14T09:42:44.257724" elapsed="0.000037"/>
</kw>
<kw name="Save Configuration">
<status status="NOT RUN" start="2025-02-14T09:42:44.258168" elapsed="0.000034"/>
</kw>
<kw name="Validate OSPF Configuration">
<status status="NOT RUN" start="2025-02-14T09:42:44.258657" elapsed="0.000035"/>
</kw>
<kw name="Close Connection" owner="SSHLibrary">
<doc>Closes the current connection.</doc>
<status status="NOT RUN" start="2025-02-14T09:42:44.259023" elapsed="0.000039"/>
</kw>
<status status="FAIL" start="2025-02-14T09:42:41.228838" elapsed="3.030642">TimeoutError: timed out</status>
</test>
<status status="FAIL" start="2025-02-14T09:42:40.520081" elapsed="3.740626"/>
</suite>
<statistics>
<total>
<stat pass="0" fail="1" skip="0">All Tests</stat>
</total>
<tag>
</tag>
<suite>
<stat name="Rbt" id="s1" pass="0" fail="1" skip="0">Rbt</stat>
</suite>
</statistics>
<errors>
</errors>
</robot>
